Build started 15/10/2015 14:23:01.
     1>Project "C:\Nigel\Coarse Stuff\DirectX\DX11\Microsoft Tutorials - adapted by Nigel\Tutorial 09 - Meshes Using DXUT Helper Classes\Tutorial 09 - Meshes Using DXUT Helper Classes_2010.vcxproj" on node 2 (Build target(s)).
     1>ClCompile:
         C:\Program Files (x86)\Microsoft Visual Studio 11.0\VC\bin\CL.exe /c /IDXUT\Core /IDXUT\Optional /Zi /nologo /W4 /WX- /O2 /Oi /Oy- /GL /D WIN32 /D NDEBUG /D _WINDOWS /D D3DXFX_LARGEADDRESS_HANDLE /D _UNICODE /D UNICODE /Gm- /EHsc /MD /GS /Gy /arch:SSE2 /fp:fast /Zc:wchar_t /Zc:forScope /openmp- /Yc"DXUT.h" /Fp"Release\Tutorial 09 - Meshes Using DXUT Helper Classes.pch" /Fo"Release\\" /Fd"Release\vc110.pdb" /Gd /TP /analyze- /errorReport:prompt  DXUT\Core\DXUT.cpp
         DXUT.cpp
     1>c:\program files (x86)\microsoft directx sdk (june 2010)\include\dxgitype.h(12): warning C4005: 'DXGI_STATUS_OCCLUDED' : macro redefinition
                 C:\Program Files (x86)\Windows Kits\8.0\Include\shared\winerror.h(49449) : see previous definition of 'DXGI_STATUS_OCCLUDED'
     1>c:\program files (x86)\microsoft directx sdk (june 2010)\include\dxgitype.h(13): warning C4005: 'DXGI_STATUS_CLIPPED' : macro redefinition
                 C:\Program Files (x86)\Windows Kits\8.0\Include\shared\winerror.h(49458) : see previous definition of 'DXGI_STATUS_CLIPPED'
     1>c:\program files (x86)\microsoft directx sdk (june 2010)\include\dxgitype.h(14): warning C4005: 'DXGI_STATUS_NO_REDIRECTION' : macro redefinition
                 C:\Program Files (x86)\Windows Kits\8.0\Include\shared\winerror.h(49467) : see previous definition of 'DXGI_STATUS_NO_REDIRECTION'
     1>c:\program files (x86)\microsoft directx sdk (june 2010)\include\dxgitype.h(15): warning C4005: 'DXGI_STATUS_NO_DESKTOP_ACCESS' : macro redefinition
                 C:\Program Files (x86)\Windows Kits\8.0\Include\shared\winerror.h(49476) : see previous definition of 'DXGI_STATUS_NO_DESKTOP_ACCESS'
     1>c:\program files (x86)\microsoft directx sdk (june 2010)\include\dxgitype.h(16): warning C4005: 'DXGI_STATUS_GRAPHICS_VIDPN_SOURCE_IN_USE' : macro redefinition
                 C:\Program Files (x86)\Windows Kits\8.0\Include\shared\winerror.h(49485) : see previous definition of 'DXGI_STATUS_GRAPHICS_VIDPN_SOURCE_IN_USE'
     1>c:\program files (x86)\microsoft directx sdk (june 2010)\include\dxgitype.h(17): warning C4005: 'DXGI_STATUS_MODE_CHANGED' : macro redefinition
                 C:\Program Files (x86)\Windows Kits\8.0\Include\shared\winerror.h(49494) : see previous definition of 'DXGI_STATUS_MODE_CHANGED'
     1>c:\program files (x86)\microsoft directx sdk (june 2010)\include\dxgitype.h(18): warning C4005: 'DXGI_STATUS_MODE_CHANGE_IN_PROGRESS' : macro redefinition
                 C:\Program Files (x86)\Windows Kits\8.0\Include\shared\winerror.h(49503) : see previous definition of 'DXGI_STATUS_MODE_CHANGE_IN_PROGRESS'
     1>c:\program files (x86)\microsoft directx sdk (june 2010)\include\dxgitype.h(21): warning C4005: 'DXGI_ERROR_INVALID_CALL' : macro redefinition
                 C:\Program Files (x86)\Windows Kits\8.0\Include\shared\winerror.h(49518) : see previous definition of 'DXGI_ERROR_INVALID_CALL'
     1>c:\program files (x86)\microsoft directx sdk (june 2010)\include\dxgitype.h(22): warning C4005: 'DXGI_ERROR_NOT_FOUND' : macro redefinition
                 C:\Program Files (x86)\Windows Kits\8.0\Include\shared\winerror.h(49527) : see previous definition of 'DXGI_ERROR_NOT_FOUND'
     1>c:\program files (x86)\microsoft directx sdk (june 2010)\include\dxgitype.h(23): warning C4005: 'DXGI_ERROR_MORE_DATA' : macro redefinition
                 C:\Program Files (x86)\Windows Kits\8.0\Include\shared\winerror.h(49536) : see previous definition of 'DXGI_ERROR_MORE_DATA'
     1>c:\program files (x86)\microsoft directx sdk (june 2010)\include\dxgitype.h(24): warning C4005: 'DXGI_ERROR_UNSUPPORTED' : macro redefinition
                 C:\Program Files (x86)\Windows Kits\8.0\Include\shared\winerror.h(49545) : see previous definition of 'DXGI_ERROR_UNSUPPORTED'
     1>c:\program files (x86)\microsoft directx sdk (june 2010)\include\dxgitype.h(25): warning C4005: 'DXGI_ERROR_DEVICE_REMOVED' : macro redefinition
                 C:\Program Files (x86)\Windows Kits\8.0\Include\shared\winerror.h(49554) : see previous definition of 'DXGI_ERROR_DEVICE_REMOVED'
     1>c:\program files (x86)\microsoft directx sdk (june 2010)\include\dxgitype.h(26): warning C4005: 'DXGI_ERROR_DEVICE_HUNG' : macro redefinition
                 C:\Program Files (x86)\Windows Kits\8.0\Include\shared\winerror.h(49563) : see previous definition of 'DXGI_ERROR_DEVICE_HUNG'
     1>c:\program files (x86)\microsoft directx sdk (june 2010)\include\dxgitype.h(27): warning C4005: 'DXGI_ERROR_DEVICE_RESET' : macro redefinition
                 C:\Program Files (x86)\Windows Kits\8.0\Include\shared\winerror.h(49573) : see previous definition of 'DXGI_ERROR_DEVICE_RESET'
     1>c:\program files (x86)\microsoft directx sdk (june 2010)\include\dxgitype.h(28): warning C4005: 'DXGI_ERROR_WAS_STILL_DRAWING' : macro redefinition
                 C:\Program Files (x86)\Windows Kits\8.0\Include\shared\winerror.h(49582) : see previous definition of 'DXGI_ERROR_WAS_STILL_DRAWING'
     1>c:\program files (x86)\microsoft directx sdk (june 2010)\include\dxgitype.h(29): warning C4005: 'DXGI_ERROR_FRAME_STATISTICS_DISJOINT' : macro redefinition
                 C:\Program Files (x86)\Windows Kits\8.0\Include\shared\winerror.h(49592) : see previous definition of 'DXGI_ERROR_FRAME_STATISTICS_DISJOINT'
     1>c:\program files (x86)\microsoft directx sdk (june 2010)\include\dxgitype.h(30): warning C4005: 'DXGI_ERROR_GRAPHICS_VIDPN_SOURCE_IN_USE' : macro redefinition
                 C:\Program Files (x86)\Windows Kits\8.0\Include\shared\winerror.h(49601) : see previous definition of 'DXGI_ERROR_GRAPHICS_VIDPN_SOURCE_IN_USE'
     1>c:\program files (x86)\microsoft directx sdk (june 2010)\include\dxgitype.h(31): warning C4005: 'DXGI_ERROR_DRIVER_INTERNAL_ERROR' : macro redefinition
                 C:\Program Files (x86)\Windows Kits\8.0\Include\shared\winerror.h(49611) : see previous definition of 'DXGI_ERROR_DRIVER_INTERNAL_ERROR'
     1>c:\program files (x86)\microsoft directx sdk (june 2010)\include\dxgitype.h(32): warning C4005: 'DXGI_ERROR_NONEXCLUSIVE' : macro redefinition
                 C:\Program Files (x86)\Windows Kits\8.0\Include\shared\winerror.h(49620) : see previous definition of 'DXGI_ERROR_NONEXCLUSIVE'
     1>c:\program files (x86)\microsoft directx sdk (june 2010)\include\dxgitype.h(33): warning C4005: 'DXGI_ERROR_NOT_CURRENTLY_AVAILABLE' : macro redefinition
                 C:\Program Files (x86)\Windows Kits\8.0\Include\shared\winerror.h(49629) : see previous definition of 'DXGI_ERROR_NOT_CURRENTLY_AVAILABLE'
     1>c:\program files (x86)\microsoft directx sdk (june 2010)\include\dxgitype.h(34): warning C4005: 'DXGI_ERROR_REMOTE_CLIENT_DISCONNECTED' : macro redefinition
                 C:\Program Files (x86)\Windows Kits\8.0\Include\shared\winerror.h(49639) : see previous definition of 'DXGI_ERROR_REMOTE_CLIENT_DISCONNECTED'
     1>c:\program files (x86)\microsoft directx sdk (june 2010)\include\dxgitype.h(35): warning C4005: 'DXGI_ERROR_REMOTE_OUTOFMEMORY' : macro redefinition
                 C:\Program Files (x86)\Windows Kits\8.0\Include\shared\winerror.h(49648) : see previous definition of 'DXGI_ERROR_REMOTE_OUTOFMEMORY'
     1>C:\Program Files (x86)\Microsoft DirectX SDK (June 2010)\Include\d3d11.h(917): warning C4005: 'D3D11_ERROR_TOO_MANY_UNIQUE_STATE_OBJECTS' : macro redefinition
                 C:\Program Files (x86)\Windows Kits\8.0\Include\shared\winerror.h(49817) : see previous definition of 'D3D11_ERROR_TOO_MANY_UNIQUE_STATE_OBJECTS'
     1>C:\Program Files (x86)\Microsoft DirectX SDK (June 2010)\Include\d3d11.h(918): warning C4005: 'D3D11_ERROR_FILE_NOT_FOUND' : macro redefinition
                 C:\Program Files (x86)\Windows Kits\8.0\Include\shared\winerror.h(49826) : see previous definition of 'D3D11_ERROR_FILE_NOT_FOUND'
     1>C:\Program Files (x86)\Microsoft DirectX SDK (June 2010)\Include\d3d11.h(919): warning C4005: 'D3D11_ERROR_TOO_MANY_UNIQUE_VIEW_OBJECTS' : macro redefinition
                 C:\Program Files (x86)\Windows Kits\8.0\Include\shared\winerror.h(49836) : see previous definition of 'D3D11_ERROR_TOO_MANY_UNIQUE_VIEW_OBJECTS'
     1>C:\Program Files (x86)\Microsoft DirectX SDK (June 2010)\Include\d3d11.h(920): warning C4005: 'D3D11_ERROR_DEFERRED_CONTEXT_MAP_WITHOUT_INITIAL_DISCARD' : macro redefinition
                 C:\Program Files (x86)\Windows Kits\8.0\Include\shared\winerror.h(49845) : see previous definition of 'D3D11_ERROR_DEFERRED_CONTEXT_MAP_WITHOUT_INITIAL_DISCARD'
     1>c:\program files (x86)\microsoft directx sdk (june 2010)\include\d3d10.h(608): warning C4005: 'D3D10_ERROR_TOO_MANY_UNIQUE_STATE_OBJECTS' : macro redefinition
                 C:\Program Files (x86)\Windows Kits\8.0\Include\shared\winerror.h(49793) : see previous definition of 'D3D10_ERROR_TOO_MANY_UNIQUE_STATE_OBJECTS'
     1>c:\program files (x86)\microsoft directx sdk (june 2010)\include\d3d10.h(609): warning C4005: 'D3D10_ERROR_FILE_NOT_FOUND' : macro redefinition
                 C:\Program Files (x86)\Windows Kits\8.0\Include\shared\winerror.h(49802) : see previous definition of 'D3D10_ERROR_FILE_NOT_FOUND'
         C:\Program Files (x86)\Microsoft Visual Studio 11.0\VC\bin\CL.exe /c /IDXUT\Core /IDXUT\Optional /Zi /nologo /W4 /WX- /O2 /Oi /Oy- /GL /D WIN32 /D NDEBUG /D _WINDOWS /D D3DXFX_LARGEADDRESS_HANDLE /D _UNICODE /D UNICODE /Gm- /EHsc /MD /GS /Gy /arch:SSE2 /fp:fast /Zc:wchar_t /Zc:forScope /openmp- /Yu"DXUT.h" /Fp"Release\Tutorial 09 - Meshes Using DXUT Helper Classes.pch" /Fo"Release\\" /Fd"Release\vc110.pdb" /Gd /TP /analyze- /errorReport:prompt  DXUT\Core\DXUTDevice11.cpp DXUT\Core\DXUTDevice9.cpp DXUT\Core\DXUTmisc.cpp DXUT\Optional\DXUTcamera.cpp DXUT\Optional\DXUTgui.cpp DXUT\Optional\DXUTres.cpp DXUT\Optional\DXUTsettingsdlg.cpp DXUT\Optional\SDKmesh.cpp DXUT\Optional\SDKmisc.cpp "Tutorial 09 - Meshes Using DXUT Helper Classes.cpp" BasicHLSL9.cpp
         DXUTDevice11.cpp
         DXUTDevice9.cpp
         DXUTmisc.cpp
         DXUTcamera.cpp
         DXUTgui.cpp
         DXUTres.cpp
         DXUTsettingsdlg.cpp
         SDKmesh.cpp
         SDKmisc.cpp
         Tutorial 09 - Meshes Using DXUT Helper Classes.cpp
     1>Tutorial 09 - Meshes Using DXUT Helper Classes.cpp(753): warning C4189: 'fAmbient' : local variable is initialized but not referenced
     1>Tutorial 09 - Meshes Using DXUT Helper Classes.cpp(677): warning C4101: 'hr' : unreferenced local variable
         BasicHLSL9.cpp
       ResourceCompile:
         C:\Program Files (x86)\Windows Kits\8.0\bin\x86\rc.exe /D _UNICODE /D UNICODE /l"0x0409" /nologo /fo"Release\Tutorial 09 - Meshes Using DXUT Helper Classes.res" "Tutorial 09 - Meshes Using DXUT Helper Classes.rc" 
       Link:
         C:\Program Files (x86)\Microsoft Visual Studio 11.0\VC\bin\link.exe /ERRORREPORT:PROMPT /OUT:"C:\Nigel\Coarse Stuff\DirectX\DX11\Microsoft Tutorials - adapted by Nigel\Tutorial 09 - Meshes Using DXUT Helper Classes\Release\Tutorial 09 - Meshes Using DXUT Helper Classes.exe" /INCREMENTAL:NO /NOLOGO d3dcompiler.lib d3dx11.lib d3dx9.lib dxerr.lib dxguid.lib winmm.lib comctl32.lib kernel32.lib user32.lib gdi32.lib winspool.lib comdlg32.lib advapi32.lib shell32.lib ole32.lib oleaut32.lib uuid.lib odbc32.lib odbccp32.lib /MANIFEST /MANIFESTUAC:"level='asInvoker' uiAccess='false'" /manifest:embed /manifestinput:"C:\Program Files (x86)\Microsoft Visual Studio 11.0\VC\Include\Manifest\dpiaware.manifest" /DEBUG /PDB:"C:\Nigel\Coarse Stuff\DirectX\DX11\Microsoft Tutorials - adapted by Nigel\Tutorial 09 - Meshes Using DXUT Helper Classes\Release\Tutorial 09 - Meshes Using DXUT Helper Classes.pdb" /SUBSYSTEM:WINDOWS /LARGEADDRESSAWARE /OPT:REF /OPT:ICF /LTCG /TLBID:1 /DYNAMICBASE /NXCOMPAT /IMPLIB:"C:\Nigel\Coarse Stuff\DirectX\DX11\Microsoft Tutorials - adapted by Nigel\Tutorial 09 - Meshes Using DXUT Helper Classes\Release\Tutorial 09 - Meshes Using DXUT Helper Classes.lib" /MACHINE:X86 /SAFESEH  "Release\Tutorial 09 - Meshes Using DXUT Helper Classes.res"
         Release\DXUT.obj
         Release\DXUTDevice11.obj
         Release\DXUTDevice9.obj
         Release\DXUTmisc.obj
         Release\DXUTcamera.obj
         Release\DXUTgui.obj
         Release\DXUTres.obj
         Release\DXUTsettingsdlg.obj
         Release\SDKmesh.obj
         Release\SDKmisc.obj
         "Release\Tutorial 09 - Meshes Using DXUT Helper Classes.obj"
         Release\BasicHLSL9.obj
         Generating code
     1>c:\nigel\coarse stuff\directx\dx11\microsoft tutorials - adapted by nigel\tutorial 09 - meshes using dxut helper classes\basichlsl9.cpp(152): warning C4702: unreachable code
     1>c:\nigel\coarse stuff\directx\dx11\microsoft tutorials - adapted by nigel\tutorial 09 - meshes using dxut helper classes\dxut\optional\dxutsettingsdlg.cpp(266): warning C4702: unreachable code
     1>c:\nigel\coarse stuff\directx\dx11\microsoft tutorials - adapted by nigel\tutorial 09 - meshes using dxut helper classes\basichlsl9.cpp(158): warning C4702: unreachable code
     1>c:\nigel\coarse stuff\directx\dx11\microsoft tutorials - adapted by nigel\tutorial 09 - meshes using dxut helper classes\basichlsl9.cpp(161): warning C4702: unreachable code
     1>c:\nigel\coarse stuff\directx\dx11\microsoft tutorials - adapted by nigel\tutorial 09 - meshes using dxut helper classes\basichlsl9.cpp(166): warning C4702: unreachable code
     1>c:\nigel\coarse stuff\directx\dx11\microsoft tutorials - adapted by nigel\tutorial 09 - meshes using dxut helper classes\basichlsl9.cpp(175): warning C4702: unreachable code
     1>c:\nigel\coarse stuff\directx\dx11\microsoft tutorials - adapted by nigel\tutorial 09 - meshes using dxut helper classes\basichlsl9.cpp(178): warning C4702: unreachable code
     1>c:\nigel\coarse stuff\directx\dx11\microsoft tutorials - adapted by nigel\tutorial 09 - meshes using dxut helper classes\basichlsl9.cpp(179): warning C4702: unreachable code
     1>c:\nigel\coarse stuff\directx\dx11\microsoft tutorials - adapted by nigel\tutorial 09 - meshes using dxut helper classes\basichlsl9.cpp(183): warning C4702: unreachable code
     1>c:\nigel\coarse stuff\directx\dx11\microsoft tutorials - adapted by nigel\tutorial 09 - meshes using dxut helper classes\basichlsl9.cpp(190): warning C4702: unreachable code
     1>c:\nigel\coarse stuff\directx\dx11\microsoft tutorials - adapted by nigel\tutorial 09 - meshes using dxut helper classes\basichlsl9.cpp(191): warning C4702: unreachable code
     1>c:\nigel\coarse stuff\directx\dx11\microsoft tutorials - adapted by nigel\tutorial 09 - meshes using dxut helper classes\basichlsl9.cpp(194): warning C4702: unreachable code
     1>c:\nigel\coarse stuff\directx\dx11\microsoft tutorials - adapted by nigel\tutorial 09 - meshes using dxut helper classes\basichlsl9.cpp(199): warning C4702: unreachable code
     1>c:\program files (x86)\microsoft directx sdk (june 2010)\include\d3dx9math.inl(1398): warning C4702: unreachable code
     1>c:\program files (x86)\microsoft directx sdk (june 2010)\include\d3dx9math.inl(1398): warning C4702: unreachable code
     1>c:\nigel\coarse stuff\directx\dx11\microsoft tutorials - adapted by nigel\tutorial 09 - meshes using dxut helper classes\basichlsl9.cpp(205): warning C4702: unreachable code
     1>c:\nigel\coarse stuff\directx\dx11\microsoft tutorials - adapted by nigel\tutorial 09 - meshes using dxut helper classes\basichlsl9.cpp(209): warning C4702: unreachable code
     1>c:\nigel\coarse stuff\directx\dx11\microsoft tutorials - adapted by nigel\tutorial 09 - meshes using dxut helper classes\basichlsl9.cpp(210): warning C4702: unreachable code
     1>c:\nigel\coarse stuff\directx\dx11\microsoft tutorials - adapted by nigel\tutorial 09 - meshes using dxut helper classes\basichlsl9.cpp(211): warning C4702: unreachable code
     1>c:\nigel\coarse stuff\directx\dx11\microsoft tutorials - adapted by nigel\tutorial 09 - meshes using dxut helper classes\basichlsl9.cpp(213): warning C4702: unreachable code
     1>c:\program files (x86)\microsoft directx sdk (june 2010)\include\d3dx9math.inl(304): warning C4702: unreachable code
     1>c:\nigel\coarse stuff\directx\dx11\microsoft tutorials - adapted by nigel\tutorial 09 - meshes using dxut helper classes\basichlsl9.cpp(227): warning C4702: unreachable code
     1>c:\nigel\coarse stuff\directx\dx11\microsoft tutorials - adapted by nigel\tutorial 09 - meshes using dxut helper classes\basichlsl9.cpp(230): warning C4702: unreachable code
         Finished generating code
         Tutorial 09 - Meshes Using DXUT Helper Classes_2010.vcxproj -> C:\Nigel\Coarse Stuff\DirectX\DX11\Microsoft Tutorials - adapted by Nigel\Tutorial 09 - Meshes Using DXUT Helper Classes\Release\Tutorial 09 - Meshes Using DXUT Helper Classes.exe
     1>Done Building Project "C:\Nigel\Coarse Stuff\DirectX\DX11\Microsoft Tutorials - adapted by Nigel\Tutorial 09 - Meshes Using DXUT Helper Classes\Tutorial 09 - Meshes Using DXUT Helper Classes_2010.vcxproj" (Build target(s)).

Build succeeded.

Time Elapsed 00:00:18.41
